<?xml version="1.0" encoding="UTF-8"?>
<!-- Generated by org.testng.reporters.JUnitReportReporter -->
<testsuite hostname="LAPTOP-0G4AGPL8" failures="0" tests="3" name="demoTestNG.DemoTestNG" time="0.023" errors="0" timestamp="2021-02-28T13:09:08 EST" skipped="0">
  <testcase classname="demoTestNG.DemoTestNG" name="titleValidation" time="0.018"/>
  <system-out/>
  <testcase classname="demoTestNG.DemoTestNG" name="imageValidation" time="0.001"/>
  <system-out/>
  <testcase classname="demoTestNG.DemoTestNG" name="webElementExist" time="0.004"/>
  <system-out/>
</testsuite> <!-- demoTestNG.DemoTestNG -->
